
         ,--.
       ,--.'|
   ,--,:  : |                                           Nacos 1.4.1
,`--.'`|  ' :                       ,---.               Running in stand alone mode, All function modules
|   :  :  | |                      '   ,'\   .--.--.    Port: 8848
:   |   \ | :  ,--.--.     ,---.  /   /   | /  /    '   Pid: 31
|   : '  '; | /       \   /     \.   ; ,. :|  :  /`./   Console: http://bf005227d4cd:8848/nacos/index.html
'   ' ;.    ;.--.  .-. | /    / ''   | |: :|  :  ;_
|   | | \   | \__\/: . ..    ' / '   | .; : \  \    `.      https://nacos.io
'   : |  ; .' ," .--.; |'   ; :__|   :    |  `----.   \
|   | '`--'  /  /  ,.  |'   | '.'|\   \  /  /  /`--'  /
'   : |     ;  :   .'   \   :    : `----'  '--'.     /
;   |.'     |  ,     .-./\   \  /            `--'---'
'---'        `--`---'     `----'

2021-03-14 18:16:46,466 INFO Bean 'org.springframework.security.access.expression.method.DefaultMethodSecurityExpressionHandler@1bae316d' of type [org.springframework.security.access.expression.method.DefaultMethodSecurityExpressionHandler] is not eligible for getting processed by all BeanPostProcessors (for example: not eligible for auto-proxying)

2021-03-14 18:16:46,472 INFO Bean 'methodSecurityMetadataSource' of type [org.springframework.security.access.method.DelegatingMethodSecurityMetadataSource] is not eligible for getting processed by all BeanPostProcessors (for example: not eligible for auto-proxying)

2021-03-14 18:16:46,731 INFO Tomcat initialized with port(s): 8848 (http)

2021-03-14 18:16:46,981 INFO Root WebApplicationContext: initialization completed in 2428 ms

2021-03-14 18:16:48,658 INFO Initializing ExecutorService 'applicationTaskExecutor'

2021-03-14 18:16:48,794 INFO Adding welcome page: class path resource [static/index.html]

2021-03-14 18:16:49,265 INFO Creating filter chain: Ant [pattern='/**'], []

2021-03-14 18:16:49,292 INFO Creating filter chain: any request, [org.springframework.security.web.context.request.async.WebAsyncManagerIntegrationFilter@2449cff7, org.springframework.security.web.context.SecurityContextPersistenceFilter@7a0e1b5e, org.springframework.security.web.header.HeaderWriterFilter@aec50a1, org.springframework.security.web.csrf.CsrfFilter@324c64cd, org.springframework.security.web.authentication.logout.LogoutFilter@5a4bef8, org.springframework.security.web.savedrequest.RequestCacheAwareFilter@173b9122, org.springframework.security.web.servletapi.SecurityContextHolderAwareRequestFilter@70e29e14, org.springframework.security.web.authentication.AnonymousAuthenticationFilter@42a9a63e, org.springframework.security.web.session.SessionManagementFilter@70d2e40b, org.springframework.security.web.access.ExceptionTranslationFilter@24be2d9c]

2021-03-14 18:16:49,392 INFO Initializing ExecutorService 'taskScheduler'

2021-03-14 18:16:49,416 INFO Exposing 1 endpoint(s) beneath base path '/actuator'

2021-03-14 18:16:49,508 INFO Tomcat started on port(s): 8848 (http) with context path '/nacos'

2021-03-14 18:16:49,511 INFO Nacos started successfully in stand alone mode. use external storage

2021-03-14 18:26:39,464 INFO Initializing Servlet 'dispatcherServlet'

2021-03-14 18:26:39,475 INFO Completed initialization in 11 ms

